2023-11-02 13:33:31,338 - INFO - Downloading https://www.hltv.org/matches/2338764/fate-vs-skade-ggbet-winter-cup
2023-11-02 13:33:43,868 - INFO - Successfully downloaded https://www.hltv.org/matches/2338764/fate-vs-skade-ggbet-winter-cup
2023-11-02 14:43:50,259 - INFO - Downloading https://www.hltv.org/matches/2338765/heroic-vs-skade-ggbet-winter-cup
2023-11-02 14:45:27,643 - INFO - Downloading https://www.hltv.org/matches/2338765/heroic-vs-skade-ggbet-winter-cup
2023-11-02 14:45:46,243 - ERROR - Failed to download https://www.hltv.org/matches/2338765/heroic-vs-skade-ggbet-winter-cup: can only concatenate str (not "int") to str
2023-11-02 14:46:18,933 - INFO - Downloading https://www.hltv.org/matches/2338765/heroic-vs-skade-ggbet-winter-cup
2023-11-02 14:46:28,073 - ERROR - Failed to download https://www.hltv.org/matches/2338765/heroic-vs-skade-ggbet-winter-cup: can only concatenate str (not "int") to str
2023-11-02 14:47:25,113 - INFO - Downloading https://www.hltv.org/matches/2338765/heroic-vs-skade-ggbet-winter-cup
2023-11-02 14:49:10,313 - INFO - Downloading https://www.hltv.org/matches/2338765/heroic-vs-skade-ggbet-winter-cup
2023-11-02 14:49:18,422 - INFO - Successfully downloaded https://www.hltv.org/matches/2338765/heroic-vs-skade-ggbet-winter-cup
2023-11-02 14:51:37,900 - INFO - Downloading https://www.hltv.org/matches/2338767/gambit-youngsters-vs-phoenix-ggbet-winter-cup
2023-11-02 14:51:47,633 - INFO - Successfully downloaded https://www.hltv.org/matches/2338767/gambit-youngsters-vs-phoenix-ggbet-winter-cup
2023-11-02 14:51:47,633 - INFO - Downloading https://www.hltv.org/matches/2338776/big-vs-sprout-united-masters-league-season-2
2023-11-02 14:51:57,113 - INFO - Successfully downloaded https://www.hltv.org/matches/2338776/big-vs-sprout-united-masters-league-season-2
2023-11-02 14:51:57,113 - INFO - Downloading https://www.hltv.org/matches/2338777/copenhagen-flames-vs-arcy-united-masters-league-season-2
2023-11-02 14:52:04,522 - INFO - Successfully downloaded https://www.hltv.org/matches/2338777/copenhagen-flames-vs-arcy-united-masters-league-season-2
2023-11-02 14:52:04,522 - INFO - Downloading https://www.hltv.org/matches/2338778/heroic-vs-phoenix-ggbet-winter-cup
2023-11-02 14:52:12,442 - INFO - Successfully downloaded https://www.hltv.org/matches/2338778/heroic-vs-phoenix-ggbet-winter-cup
2023-11-02 14:52:12,442 - INFO - Downloading https://www.hltv.org/matches/2338786/havu-vs-arcy-sector-mostbet
2023-11-02 14:52:33,603 - INFO - Successfully downloaded https://www.hltv.org/matches/2338786/havu-vs-arcy-sector-mostbet
2023-11-02 14:52:33,603 - INFO - Downloading https://www.hltv.org/matches/2338787/furia-vs-chaos-iem-katowice-2020-north-america-closed-qualifier
2023-11-02 14:52:44,452 - INFO - Successfully downloaded https://www.hltv.org/matches/2338787/furia-vs-chaos-iem-katowice-2020-north-america-closed-qualifier
2023-11-02 14:52:44,452 - INFO - Downloading https://www.hltv.org/matches/2338788/complexity-vs-geng-iem-katowice-2020-north-america-closed-qualifier
2023-11-02 14:53:00,532 - INFO - Successfully downloaded https://www.hltv.org/matches/2338788/complexity-vs-geng-iem-katowice-2020-north-america-closed-qualifier
2023-11-02 14:53:00,532 - INFO - Downloading https://www.hltv.org/matches/2338789/cloud9-vs-riot-squad-iem-katowice-2020-north-america-closed-qualifier
2023-11-02 14:53:10,565 - INFO - Successfully downloaded https://www.hltv.org/matches/2338789/cloud9-vs-riot-squad-iem-katowice-2020-north-america-closed-qualifier
2023-11-02 14:53:10,565 - INFO - Downloading https://www.hltv.org/matches/2338790/mibr-vs-intz-iem-katowice-2020-north-america-closed-qualifier
2023-11-02 14:53:20,483 - INFO - Successfully downloaded https://www.hltv.org/matches/2338790/mibr-vs-intz-iem-katowice-2020-north-america-closed-qualifier
2023-11-02 14:53:20,483 - INFO - Downloading https://www.hltv.org/matches/2338791/complexity-vs-chaos-iem-katowice-2020-north-america-closed-qualifier
2023-11-02 14:53:32,373 - INFO - Successfully downloaded https://www.hltv.org/matches/2338791/complexity-vs-chaos-iem-katowice-2020-north-america-closed-qualifier
2023-11-02 14:53:32,374 - INFO - Downloading https://www.hltv.org/matches/2338792/cloud9-vs-intz-iem-katowice-2020-north-america-closed-qualifier
2023-11-02 14:53:54,159 - INFO - Successfully downloaded https://www.hltv.org/matches/2338792/cloud9-vs-intz-iem-katowice-2020-north-america-closed-qualifier
2023-11-02 14:53:54,159 - INFO - Downloading https://www.hltv.org/matches/2338793/geng-vs-furia-iem-katowice-2020-north-america-closed-qualifier
2023-11-02 14:54:07,208 - INFO - Successfully downloaded https://www.hltv.org/matches/2338793/geng-vs-furia-iem-katowice-2020-north-america-closed-qualifier
2023-11-02 14:54:07,208 - INFO - Downloading https://www.hltv.org/matches/2338794/riot-squad-vs-mibr-iem-katowice-2020-north-america-closed-qualifier
2023-11-02 14:54:21,422 - INFO - Successfully downloaded https://www.hltv.org/matches/2338794/riot-squad-vs-mibr-iem-katowice-2020-north-america-closed-qualifier
2023-11-02 14:54:21,422 - INFO - Downloading https://www.hltv.org/matches/2338795/complexity-vs-cloud9-iem-katowice-2020-north-america-closed-qualifier
2023-11-02 14:54:43,138 - INFO - Successfully downloaded https://www.hltv.org/matches/2338795/complexity-vs-cloud9-iem-katowice-2020-north-america-closed-qualifier
2023-11-02 14:54:43,138 - INFO - Downloading https://www.hltv.org/matches/2338796/intz-vs-geng-iem-katowice-2020-north-america-closed-qualifier
2023-11-02 14:54:48,582 - INFO - Successfully downloaded https://www.hltv.org/matches/2338796/intz-vs-geng-iem-katowice-2020-north-america-closed-qualifier
2023-11-02 14:54:48,583 - INFO - Downloading https://www.hltv.org/matches/2338797/chaos-vs-mibr-iem-katowice-2020-north-america-closed-qualifier
2023-11-02 14:57:48,829 - INFO - Successfully downloaded https://www.hltv.org/matches/2338797/chaos-vs-mibr-iem-katowice-2020-north-america-closed-qualifier
2023-11-02 14:57:48,830 - INFO - Downloading https://www.hltv.org/matches/2338798/mibr-vs-intz-iem-katowice-2020-north-america-closed-qualifier
2023-11-02 14:57:58,757 - INFO - Successfully downloaded https://www.hltv.org/matches/2338798/mibr-vs-intz-iem-katowice-2020-north-america-closed-qualifier
2023-11-02 14:57:58,757 - INFO - Downloading https://www.hltv.org/matches/2338799/complexity-vs-mibr-iem-katowice-2020-north-america-closed-qualifier
2023-11-02 14:58:11,541 - INFO - Successfully downloaded https://www.hltv.org/matches/2338799/complexity-vs-mibr-iem-katowice-2020-north-america-closed-qualifier
2023-11-02 14:58:11,542 - INFO - Downloading https://www.hltv.org/matches/2338800/cloud9-vs-mibr-iem-katowice-2020-north-america-closed-qualifier
2023-11-02 14:58:22,205 - INFO - Successfully downloaded https://www.hltv.org/matches/2338800/cloud9-vs-mibr-iem-katowice-2020-north-america-closed-qualifier
2023-11-02 14:58:22,205 - INFO - Downloading https://www.hltv.org/matches/2338814/vici-vs-tyloo-iem-katowice-2020-asia-closed-qualifier
2023-11-02 14:58:31,896 - INFO - Successfully downloaded https://www.hltv.org/matches/2338814/vici-vs-tyloo-iem-katowice-2020-asia-closed-qualifier
2023-11-02 14:58:31,896 - INFO - Downloading https://www.hltv.org/matches/2338815/godsent-vs-havu-sector-mostbet
2023-11-02 14:58:44,112 - INFO - Successfully downloaded https://www.hltv.org/matches/2338815/godsent-vs-havu-sector-mostbet
2023-11-02 14:58:44,112 - INFO - Downloading https://www.hltv.org/matches/2338816/forze-vs-hard-legion-united-masters-league-season-2
2023-11-02 14:59:05,037 - INFO - Successfully downloaded https://www.hltv.org/matches/2338816/forze-vs-hard-legion-united-masters-league-season-2
2023-11-02 14:59:05,038 - INFO - Downloading https://www.hltv.org/matches/2338817/illuminar-vs-havu-united-masters-league-season-2
2023-11-02 14:59:23,152 - INFO - Successfully downloaded https://www.hltv.org/matches/2338817/illuminar-vs-havu-united-masters-league-season-2
2023-11-02 14:59:23,152 - INFO - Downloading https://www.hltv.org/matches/2338819/skade-vs-og-iem-katowice-2020-europe-open-qualifier-2
2023-11-02 14:59:42,462 - INFO - Successfully downloaded https://www.hltv.org/matches/2338819/skade-vs-og-iem-katowice-2020-europe-open-qualifier-2
2023-11-02 14:59:42,462 - INFO - Downloading https://www.hltv.org/matches/2338820/mad-lions-vs-winstrike-iem-katowice-2020-europe-open-qualifier-2
2023-11-02 15:00:05,471 - INFO - Successfully downloaded https://www.hltv.org/matches/2338820/mad-lions-vs-winstrike-iem-katowice-2020-europe-open-qualifier-2
2023-11-02 15:00:05,471 - INFO - Downloading https://www.hltv.org/matches/2338825/north-vs-nemiga-iem-katowice-2020-europe-open-qualifier-2
2023-11-02 15:00:19,572 - INFO - Successfully downloaded https://www.hltv.org/matches/2338825/north-vs-nemiga-iem-katowice-2020-europe-open-qualifier-2
2023-11-02 15:00:19,572 - INFO - Downloading https://www.hltv.org/matches/2338826/ago-vs-og-iem-katowice-2020-europe-open-qualifier-2
2023-11-02 15:00:40,829 - INFO - Successfully downloaded https://www.hltv.org/matches/2338826/ago-vs-og-iem-katowice-2020-europe-open-qualifier-2
2023-11-02 15:00:40,830 - INFO - Downloading https://www.hltv.org/matches/2338829/gambit-youngsters-vs-north-iem-katowice-2020-europe-open-qualifier-2
2023-11-02 15:01:10,897 - INFO - Successfully downloaded https://www.hltv.org/matches/2338829/gambit-youngsters-vs-north-iem-katowice-2020-europe-open-qualifier-2
2023-11-02 15:01:10,897 - INFO - Downloading https://www.hltv.org/matches/2338854/hard-legion-vs-ago-iem-katowice-2020-europe-open-qualifier-2
2023-11-02 15:01:34,532 - INFO - Successfully downloaded https://www.hltv.org/matches/2338854/hard-legion-vs-ago-iem-katowice-2020-europe-open-qualifier-2
2023-11-02 15:01:34,532 - INFO - Downloading https://www.hltv.org/matches/2338855/mad-lions-vs-north-iem-katowice-2020-europe-open-qualifier-2
2023-11-02 15:01:54,279 - INFO - Successfully downloaded https://www.hltv.org/matches/2338855/mad-lions-vs-north-iem-katowice-2020-europe-open-qualifier-2
2023-11-02 15:01:54,279 - INFO - Downloading https://www.hltv.org/matches/2338858/g2-vs-ago-iem-katowice-2020-europe-closed-qualifier
2023-11-02 15:02:11,231 - INFO - Successfully downloaded https://www.hltv.org/matches/2338858/g2-vs-ago-iem-katowice-2020-europe-closed-qualifier
2023-11-02 15:02:11,232 - INFO - Downloading https://www.hltv.org/matches/2338859/heroic-vs-mad-lions-iem-katowice-2020-europe-closed-qualifier
2023-11-02 15:05:11,473 - INFO - Successfully downloaded https://www.hltv.org/matches/2338859/heroic-vs-mad-lions-iem-katowice-2020-europe-closed-qualifier
2023-11-02 15:05:11,473 - INFO - Downloading https://www.hltv.org/matches/2338860/ence-vs-illuminar-iem-katowice-2020-europe-closed-qualifier
2023-11-02 15:05:32,610 - INFO - Successfully downloaded https://www.hltv.org/matches/2338860/ence-vs-illuminar-iem-katowice-2020-europe-closed-qualifier
2023-11-02 15:05:32,610 - INFO - Downloading https://www.hltv.org/matches/2338861/faze-vs-arcy-iem-katowice-2020-europe-closed-qualifier
2023-11-02 15:05:49,843 - INFO - Successfully downloaded https://www.hltv.org/matches/2338861/faze-vs-arcy-iem-katowice-2020-europe-closed-qualifier
2023-11-02 15:05:49,843 - INFO - Downloading https://www.hltv.org/matches/2338862/mad-lions-vs-g2-iem-katowice-2020-europe-closed-qualifier
2023-11-02 15:06:12,705 - INFO - Successfully downloaded https://www.hltv.org/matches/2338862/mad-lions-vs-g2-iem-katowice-2020-europe-closed-qualifier
2023-11-02 15:06:12,705 - INFO - Downloading https://www.hltv.org/matches/2338863/faze-vs-ence-iem-katowice-2020-europe-closed-qualifier
2023-11-02 15:06:41,793 - INFO - Successfully downloaded https://www.hltv.org/matches/2338863/faze-vs-ence-iem-katowice-2020-europe-closed-qualifier
2023-11-02 15:06:41,793 - INFO - Downloading https://www.hltv.org/matches/2338864/heroic-vs-ago-iem-katowice-2020-europe-closed-qualifier
2023-11-02 15:06:59,845 - INFO - Successfully downloaded https://www.hltv.org/matches/2338864/heroic-vs-ago-iem-katowice-2020-europe-closed-qualifier
2023-11-02 15:06:59,845 - INFO - Downloading https://www.hltv.org/matches/2338865/arcy-vs-illuminar-iem-katowice-2020-europe-closed-qualifier
2023-11-02 15:07:17,795 - INFO - Successfully downloaded https://www.hltv.org/matches/2338865/arcy-vs-illuminar-iem-katowice-2020-europe-closed-qualifier
2023-11-02 15:07:17,795 - INFO - Downloading https://www.hltv.org/matches/2338866/ence-vs-ago-iem-katowice-2020-europe-closed-qualifier
2023-11-02 15:07:34,791 - INFO - Successfully downloaded https://www.hltv.org/matches/2338866/ence-vs-ago-iem-katowice-2020-europe-closed-qualifier
2023-11-02 15:07:34,791 - INFO - Downloading https://www.hltv.org/matches/2338867/illuminar-vs-mad-lions-iem-katowice-2020-europe-closed-qualifier
2023-11-02 15:07:49,728 - INFO - Successfully downloaded https://www.hltv.org/matches/2338867/illuminar-vs-mad-lions-iem-katowice-2020-europe-closed-qualifier
2023-11-02 15:07:49,728 - INFO - Downloading https://www.hltv.org/matches/2338868/ence-vs-mad-lions-iem-katowice-2020-europe-closed-qualifier
2023-11-02 15:08:02,239 - INFO - Successfully downloaded https://www.hltv.org/matches/2338868/ence-vs-mad-lions-iem-katowice-2020-europe-closed-qualifier
2023-11-02 15:08:02,239 - INFO - Downloading https://www.hltv.org/matches/2338878/spirit-vs-godsent-sector-mostbet
2023-11-02 15:08:17,029 - INFO - Successfully downloaded https://www.hltv.org/matches/2338878/spirit-vs-godsent-sector-mostbet
2023-11-02 15:08:17,029 - INFO - Downloading https://www.hltv.org/matches/2338889/gambit-youngsters-vs-copenhagen-flames-dreamhack-open-leipzig-2020-europe-open-qualifier
2023-11-02 15:08:31,244 - INFO - Successfully downloaded https://www.hltv.org/matches/2338889/gambit-youngsters-vs-copenhagen-flames-dreamhack-open-leipzig-2020-europe-open-qualifier
2023-11-02 15:08:31,244 - INFO - Downloading https://www.hltv.org/matches/2338893/gambit-youngsters-vs-winstrike-dreamhack-open-leipzig-2020-europe-open-qualifier
2023-11-02 15:08:39,358 - INFO - Successfully downloaded https://www.hltv.org/matches/2338893/gambit-youngsters-vs-winstrike-dreamhack-open-leipzig-2020-europe-open-qualifier
2023-11-02 15:08:39,358 - INFO - Downloading https://www.hltv.org/matches/2338914/heretics-vs-gambit-youngsters-dreamhack-open-leipzig-2020-europe-closed-qualifier
2023-11-02 15:09:06,727 - INFO - Successfully downloaded https://www.hltv.org/matches/2338914/heretics-vs-gambit-youngsters-dreamhack-open-leipzig-2020-europe-closed-qualifier
2023-11-02 15:09:06,727 - INFO - Downloading https://www.hltv.org/matches/2338915/mad-lions-vs-skade-dreamhack-open-leipzig-2020-europe-closed-qualifier
2023-11-02 15:09:11,664 - INFO - Successfully downloaded https://www.hltv.org/matches/2338915/mad-lions-vs-skade-dreamhack-open-leipzig-2020-europe-closed-qualifier
2023-11-02 15:09:11,664 - INFO - Downloading https://www.hltv.org/matches/2338921/heroic-vs-gambit-youngsters-dreamhack-open-leipzig-2020-europe-closed-qualifier
2023-11-02 15:09:18,576 - INFO - Successfully downloaded https://www.hltv.org/matches/2338921/heroic-vs-gambit-youngsters-dreamhack-open-leipzig-2020-europe-closed-qualifier
2023-11-02 15:09:18,591 - INFO - Downloading https://www.hltv.org/matches/2338924/singularity-vs-complexity-dreamhack-open-leipzig-2020-north-america-closed-qualifier
2023-11-02 15:09:23,537 - INFO - Successfully downloaded https://www.hltv.org/matches/2338924/singularity-vs-complexity-dreamhack-open-leipzig-2020-north-america-closed-qualifier
2023-11-02 15:09:23,537 - INFO - Downloading https://www.hltv.org/matches/2338925/geng-vs-intz-dreamhack-open-leipzig-2020-north-america-closed-qualifier
2023-11-02 15:09:32,971 - INFO - Successfully downloaded https://www.hltv.org/matches/2338925/geng-vs-intz-dreamhack-open-leipzig-2020-north-america-closed-qualifier
2023-11-02 15:09:32,971 - INFO - Downloading https://www.hltv.org/matches/2338926/eunited-vs-chaos-dreamhack-open-leipzig-2020-north-america-closed-qualifier
2023-11-02 15:09:38,496 - INFO - Successfully downloaded https://www.hltv.org/matches/2338926/eunited-vs-chaos-dreamhack-open-leipzig-2020-north-america-closed-qualifier
2023-11-02 15:09:38,496 - INFO - Downloading https://www.hltv.org/matches/2338927/complexity-vs-cloud9-dreamhack-open-leipzig-2020-north-america-closed-qualifier
2023-11-02 15:09:48,684 - INFO - Successfully downloaded https://www.hltv.org/matches/2338927/complexity-vs-cloud9-dreamhack-open-leipzig-2020-north-america-closed-qualifier
2023-11-02 15:09:48,684 - INFO - Downloading https://www.hltv.org/matches/2338928/eunited-vs-geng-dreamhack-open-leipzig-2020-north-america-closed-qualifier
2023-11-02 15:10:07,448 - INFO - Successfully downloaded https://www.hltv.org/matches/2338928/eunited-vs-geng-dreamhack-open-leipzig-2020-north-america-closed-qualifier
2023-11-02 15:10:07,448 - INFO - Downloading https://www.hltv.org/matches/2338929/cloud9-vs-eunited-dreamhack-open-leipzig-2020-north-america-closed-qualifier
2023-11-02 15:10:14,265 - INFO - Successfully downloaded https://www.hltv.org/matches/2338929/cloud9-vs-eunited-dreamhack-open-leipzig-2020-north-america-closed-qualifier
2023-11-02 15:10:14,265 - INFO - Downloading https://www.hltv.org/matches/2338965/virtuspro-vs-big-dreamhack-open-leipzig-2020
2023-11-02 15:10:25,116 - INFO - Successfully downloaded https://www.hltv.org/matches/2338965/virtuspro-vs-big-dreamhack-open-leipzig-2020
2023-11-02 15:10:25,116 - INFO - Downloading https://www.hltv.org/matches/2338966/north-vs-sprout-dreamhack-open-leipzig-2020
2023-11-02 15:10:43,749 - INFO - Successfully downloaded https://www.hltv.org/matches/2338966/north-vs-sprout-dreamhack-open-leipzig-2020
2023-11-02 15:10:43,749 - INFO - Downloading https://www.hltv.org/matches/2338967/cloud9-vs-renegades-dreamhack-open-leipzig-2020
2023-11-02 15:10:54,406 - INFO - Successfully downloaded https://www.hltv.org/matches/2338967/cloud9-vs-renegades-dreamhack-open-leipzig-2020
2023-11-02 15:10:54,406 - INFO - Downloading https://www.hltv.org/matches/2338968/heroic-vs-mad-lions-dreamhack-open-leipzig-2020
2023-11-02 15:11:04,840 - INFO - Successfully downloaded https://www.hltv.org/matches/2338968/heroic-vs-mad-lions-dreamhack-open-leipzig-2020
2023-11-02 15:11:04,840 - INFO - Downloading https://www.hltv.org/matches/2338969/big-vs-renegades-dreamhack-open-leipzig-2020
2023-11-02 15:11:12,571 - INFO - Successfully downloaded https://www.hltv.org/matches/2338969/big-vs-renegades-dreamhack-open-leipzig-2020
2023-11-02 15:11:12,571 - INFO - Downloading https://www.hltv.org/matches/2338970/north-vs-mad-lions-dreamhack-open-leipzig-2020
2023-11-02 15:11:20,349 - INFO - Successfully downloaded https://www.hltv.org/matches/2338970/north-vs-mad-lions-dreamhack-open-leipzig-2020
2023-11-02 15:11:20,349 - INFO - Downloading https://www.hltv.org/matches/2338971/virtuspro-vs-cloud9-dreamhack-open-leipzig-2020
2023-11-02 15:11:29,624 - INFO - Successfully downloaded https://www.hltv.org/matches/2338971/virtuspro-vs-cloud9-dreamhack-open-leipzig-2020
2023-11-02 15:11:29,624 - INFO - Downloading https://www.hltv.org/matches/2338972/sprout-vs-heroic-dreamhack-open-leipzig-2020
2023-11-02 15:11:47,474 - INFO - Successfully downloaded https://www.hltv.org/matches/2338972/sprout-vs-heroic-dreamhack-open-leipzig-2020
2023-11-02 15:11:47,474 - INFO - Downloading https://www.hltv.org/matches/2338973/renegades-vs-cloud9-dreamhack-open-leipzig-2020
2023-11-02 15:11:55,256 - INFO - Successfully downloaded https://www.hltv.org/matches/2338973/renegades-vs-cloud9-dreamhack-open-leipzig-2020
2023-11-02 15:11:55,256 - INFO - Downloading https://www.hltv.org/matches/2338974/north-vs-heroic-dreamhack-open-leipzig-2020
2023-11-02 15:12:12,490 - INFO - Successfully downloaded https://www.hltv.org/matches/2338974/north-vs-heroic-dreamhack-open-leipzig-2020
2023-11-02 15:12:12,490 - INFO - Downloading https://www.hltv.org/matches/2338975/mad-lions-vs-renegades-dreamhack-open-leipzig-2020
2023-11-02 15:15:12,736 - INFO - Successfully downloaded https://www.hltv.org/matches/2338975/mad-lions-vs-renegades-dreamhack-open-leipzig-2020
2023-11-02 15:15:12,736 - INFO - Downloading https://www.hltv.org/matches/2338976/big-vs-heroic-dreamhack-open-leipzig-2020
2023-11-02 15:15:33,585 - INFO - Successfully downloaded https://www.hltv.org/matches/2338976/big-vs-heroic-dreamhack-open-leipzig-2020
2023-11-02 15:15:33,585 - INFO - Downloading https://www.hltv.org/matches/2338977/renegades-vs-big-dreamhack-open-leipzig-2020
2023-11-02 15:18:33,835 - INFO - Successfully downloaded https://www.hltv.org/matches/2338977/renegades-vs-big-dreamhack-open-leipzig-2020
2023-11-02 15:18:33,835 - INFO - Downloading https://www.hltv.org/matches/2338990/sprout-vs-havu-united-masters-league-season-2
2023-11-02 15:18:42,233 - INFO - Successfully downloaded https://www.hltv.org/matches/2338990/sprout-vs-havu-united-masters-league-season-2
2023-11-02 15:18:42,233 - INFO - Downloading https://www.hltv.org/matches/2339011/gambit-youngsters-vs-skade-dreamhack-open-anaheim-2020-europe-open-qualifier
2023-11-02 15:19:02,421 - INFO - Successfully downloaded https://www.hltv.org/matches/2339011/gambit-youngsters-vs-skade-dreamhack-open-anaheim-2020-europe-open-qualifier
2023-11-02 15:19:02,421 - INFO - Downloading https://www.hltv.org/matches/2339013/illuminar-vs-winstrike-dreamhack-open-anaheim-2020-europe-open-qualifier
2023-11-02 15:19:08,796 - INFO - Successfully downloaded https://www.hltv.org/matches/2339013/illuminar-vs-winstrike-dreamhack-open-anaheim-2020-europe-open-qualifier
2023-11-02 15:19:08,796 - INFO - Downloading https://www.hltv.org/matches/2339015/havu-vs-spirit-dreamhack-open-anaheim-2020-europe-open-qualifier
2023-11-02 15:19:16,395 - INFO - Successfully downloaded https://www.hltv.org/matches/2339015/havu-vs-spirit-dreamhack-open-anaheim-2020-europe-open-qualifier
2023-11-02 15:19:16,410 - INFO - Downloading https://www.hltv.org/matches/2339016/pro100-vs-winstrike-dreamhack-open-anaheim-2020-europe-open-qualifier
2023-11-02 15:19:26,633 - INFO - Successfully downloaded https://www.hltv.org/matches/2339016/pro100-vs-winstrike-dreamhack-open-anaheim-2020-europe-open-qualifier
2023-11-02 15:19:26,649 - INFO - Downloading https://www.hltv.org/matches/2339023/heroic-vs-avez-dreamhack-open-anaheim-2020-europe-closed-qualifier
2023-11-02 15:19:46,031 - INFO - Successfully downloaded https://www.hltv.org/matches/2339023/heroic-vs-avez-dreamhack-open-anaheim-2020-europe-closed-qualifier
2023-11-02 15:19:46,031 - INFO - Downloading https://www.hltv.org/matches/2339024/godsent-vs-havu-dreamhack-open-anaheim-2020-europe-closed-qualifier
2023-11-02 15:20:02,417 - INFO - Successfully downloaded https://www.hltv.org/matches/2339024/godsent-vs-havu-dreamhack-open-anaheim-2020-europe-closed-qualifier
2023-11-02 15:20:02,417 - INFO - Downloading https://www.hltv.org/matches/2339025/cr4zy-vs-skade-dreamhack-open-anaheim-2020-europe-closed-qualifier
2023-11-02 15:20:16,006 - INFO - Successfully downloaded https://www.hltv.org/matches/2339025/cr4zy-vs-skade-dreamhack-open-anaheim-2020-europe-closed-qualifier
2023-11-02 15:20:16,006 - INFO - Downloading https://www.hltv.org/matches/2339026/forze-vs-winstrike-dreamhack-open-anaheim-2020-europe-closed-qualifier
2023-11-02 15:23:16,252 - INFO - Successfully downloaded https://www.hltv.org/matches/2339026/forze-vs-winstrike-dreamhack-open-anaheim-2020-europe-closed-qualifier
2023-11-02 15:23:16,252 - INFO - Downloading https://www.hltv.org/matches/2339027/heroic-vs-godsent-dreamhack-open-anaheim-2020-europe-closed-qualifier
2023-11-02 15:23:53,542 - INFO - Successfully downloaded https://www.hltv.org/matches/2339027/heroic-vs-godsent-dreamhack-open-anaheim-2020-europe-closed-qualifier
2023-11-02 15:23:53,542 - INFO - Downloading https://www.hltv.org/matches/2339028/cr4zy-vs-forze-dreamhack-open-anaheim-2020-europe-closed-qualifier
2023-11-02 15:24:18,511 - INFO - Successfully downloaded https://www.hltv.org/matches/2339028/cr4zy-vs-forze-dreamhack-open-anaheim-2020-europe-closed-qualifier
2023-11-02 15:24:18,511 - INFO - Downloading https://www.hltv.org/matches/2339029/heroic-vs-forze-dreamhack-open-anaheim-2020-europe-closed-qualifier
2023-11-02 15:24:49,052 - INFO - Successfully downloaded https://www.hltv.org/matches/2339029/heroic-vs-forze-dreamhack-open-anaheim-2020-europe-closed-qualifier
2023-11-02 15:24:49,052 - INFO - Downloading https://www.hltv.org/matches/2339037/complexity-vs-intz-dreamhack-open-anaheim-2020-north-america-closed-qualifier
2023-11-02 15:25:18,526 - INFO - Successfully downloaded https://www.hltv.org/matches/2339037/complexity-vs-intz-dreamhack-open-anaheim-2020-north-america-closed-qualifier
2023-11-02 15:25:18,526 - INFO - Downloading https://www.hltv.org/matches/2339039/geng-vs-chaos-dreamhack-open-anaheim-2020-north-america-closed-qualifier
2023-11-02 15:26:00,930 - INFO - Successfully downloaded https://www.hltv.org/matches/2339039/geng-vs-chaos-dreamhack-open-anaheim-2020-north-america-closed-qualifier
2023-11-02 15:26:00,930 - INFO - Downloading https://www.hltv.org/matches/2339040/eunited-vs-complexity-dreamhack-open-anaheim-2020-north-america-closed-qualifier
2023-11-02 15:26:28,050 - INFO - Successfully downloaded https://www.hltv.org/matches/2339040/eunited-vs-complexity-dreamhack-open-anaheim-2020-north-america-closed-qualifier
2023-11-02 15:26:28,050 - INFO - Downloading https://www.hltv.org/matches/2339041/riot-squad-vs-geng-dreamhack-open-anaheim-2020-north-america-closed-qualifier
2023-11-02 15:27:11,580 - INFO - Successfully downloaded https://www.hltv.org/matches/2339041/riot-squad-vs-geng-dreamhack-open-anaheim-2020-north-america-closed-qualifier
2023-11-02 15:27:11,580 - INFO - Downloading https://www.hltv.org/matches/2339042/hellraisers-vs-copenhagen-flames-legends-bet-l33t-cup
2023-11-02 15:27:39,063 - INFO - Successfully downloaded https://www.hltv.org/matches/2339042/hellraisers-vs-copenhagen-flames-legends-bet-l33t-cup
2023-11-02 15:27:39,070 - INFO - Downloading https://www.hltv.org/matches/2339054/skade-vs-nemiga-winners-league-season-3-europe
2023-11-02 15:28:11,869 - INFO - Successfully downloaded https://www.hltv.org/matches/2339054/skade-vs-nemiga-winners-league-season-3-europe
2023-11-02 15:28:11,869 - INFO - Downloading https://www.hltv.org/matches/2339063/forze-vs-copenhagen-flames-united-masters-league-season-2
2023-11-02 15:28:38,698 - INFO - Successfully downloaded https://www.hltv.org/matches/2339063/forze-vs-copenhagen-flames-united-masters-league-season-2
2023-11-02 15:28:38,698 - INFO - Downloading https://www.hltv.org/matches/2339075/riot-squad-vs-intz-winners-league-season-3-north-america
2023-11-02 15:29:06,525 - INFO - Successfully downloaded https://www.hltv.org/matches/2339075/riot-squad-vs-intz-winners-league-season-3-north-america
2023-11-02 15:29:06,525 - INFO - Downloading https://www.hltv.org/matches/2339092/faze-vs-ninjas-in-pyjamas-blast-premier-spring-series-2020
2023-11-02 15:29:36,072 - INFO - Successfully downloaded https://www.hltv.org/matches/2339092/faze-vs-ninjas-in-pyjamas-blast-premier-spring-series-2020
2023-11-02 15:29:36,072 - INFO - Downloading https://www.hltv.org/matches/2339093/liquid-vs-mibr-blast-premier-spring-series-2020
2023-11-02 15:32:36,311 - INFO - Successfully downloaded https://www.hltv.org/matches/2339093/liquid-vs-mibr-blast-premier-spring-series-2020
2023-11-02 15:32:36,311 - INFO - Downloading https://www.hltv.org/matches/2339094/ninjas-in-pyjamas-vs-mibr-blast-premier-spring-series-2020
2023-11-02 15:32:53,921 - INFO - Successfully downloaded https://www.hltv.org/matches/2339094/ninjas-in-pyjamas-vs-mibr-blast-premier-spring-series-2020
2023-11-02 15:32:53,921 - INFO - Downloading https://www.hltv.org/matches/2339095/faze-vs-liquid-blast-premier-spring-series-2020
2023-11-02 15:33:11,253 - INFO - Successfully downloaded https://www.hltv.org/matches/2339095/faze-vs-liquid-blast-premier-spring-series-2020
2023-11-02 15:33:11,253 - INFO - Downloading https://www.hltv.org/matches/2339096/ninjas-in-pyjamas-vs-liquid-blast-premier-spring-series-2020
2023-11-02 15:33:25,363 - INFO - Successfully downloaded https://www.hltv.org/matches/2339096/ninjas-in-pyjamas-vs-liquid-blast-premier-spring-series-2020
2023-11-02 15:33:25,363 - INFO - Downloading https://www.hltv.org/matches/2339097/faze-vs-liquid-blast-premier-spring-series-2020
2023-11-02 15:36:25,611 - INFO - Successfully downloaded https://www.hltv.org/matches/2339097/faze-vs-liquid-blast-premier-spring-series-2020
2023-11-02 15:36:25,611 - INFO - Downloading https://www.hltv.org/matches/2339098/natus-vincere-vs-vitality-blast-premier-spring-series-2020
2023-11-02 15:36:55,814 - INFO - Successfully downloaded https://www.hltv.org/matches/2339098/natus-vincere-vs-vitality-blast-premier-spring-series-2020
2023-11-02 15:36:55,814 - INFO - Downloading https://www.hltv.org/matches/2339099/astralis-vs-complexity-blast-premier-spring-series-2020
2023-11-02 15:37:27,306 - INFO - Successfully downloaded https://www.hltv.org/matches/2339099/astralis-vs-complexity-blast-premier-spring-series-2020
2023-11-02 15:37:27,306 - INFO - Downloading https://www.hltv.org/matches/2339100/natus-vincere-vs-astralis-blast-premier-spring-series-2020
2023-11-02 15:37:55,577 - INFO - Successfully downloaded https://www.hltv.org/matches/2339100/natus-vincere-vs-astralis-blast-premier-spring-series-2020
2023-11-02 15:37:55,577 - INFO - Downloading https://www.hltv.org/matches/2339101/vitality-vs-complexity-blast-premier-spring-series-2020
2023-11-02 15:38:27,524 - INFO - Successfully downloaded https://www.hltv.org/matches/2339101/vitality-vs-complexity-blast-premier-spring-series-2020
2023-11-02 15:38:27,524 - INFO - Downloading https://www.hltv.org/matches/2339102/natus-vincere-vs-vitality-blast-premier-spring-series-2020
2023-11-02 15:38:46,277 - INFO - Successfully downloaded https://www.hltv.org/matches/2339102/natus-vincere-vs-vitality-blast-premier-spring-series-2020
2023-11-02 15:38:46,277 - INFO - Downloading https://www.hltv.org/matches/2339103/complexity-vs-natus-vincere-blast-premier-spring-series-2020
2023-11-02 15:39:13,561 - INFO - Successfully downloaded https://www.hltv.org/matches/2339103/complexity-vs-natus-vincere-blast-premier-spring-series-2020
