2023-11-02 21:26:04,601 - INFO - 2339161: 'NoneType' object has no attribute 'find'
2023-11-02 21:26:06,820 - INFO - Anomolous team rank 2339172/dignitas-vs-avez-europe-minor-open-qualifier-1-esl-one-rio-2020
2023-11-02 21:26:07,165 - INFO - Anomolous team rank 2339177/dignitas-vs-gamerlegion-europe-minor-open-qualifier-1-esl-one-rio-2020
2023-11-02 21:26:07,771 - INFO - Anomolous team rank 2339204/sprout-vs-dignitas-europe-minor-open-qualifier-1-esl-one-rio-2020
2023-11-03 22:36:09,807 - INFO - Anomolous team rank 2339172/dignitas-vs-avez-europe-minor-open-qualifier-1-esl-one-rio-2020
2023-11-03 22:36:10,086 - INFO - Anomolous team rank 2339177/dignitas-vs-gamerlegion-europe-minor-open-qualifier-1-esl-one-rio-2020
2023-11-03 22:36:10,725 - INFO - Anomolous team rank 2339204/sprout-vs-dignitas-europe-minor-open-qualifier-1-esl-one-rio-2020
2023-11-03 22:38:46,286 - INFO - Anomolous team rank 2339172/dignitas-vs-avez-europe-minor-open-qualifier-1-esl-one-rio-2020
2023-11-03 22:38:46,540 - INFO - Anomolous team rank 2339177/dignitas-vs-gamerlegion-europe-minor-open-qualifier-1-esl-one-rio-2020
2023-11-03 22:38:47,107 - INFO - Anomolous team rank 2339204/sprout-vs-dignitas-europe-minor-open-qualifier-1-esl-one-rio-2020
2023-11-03 22:39:27,577 - INFO - Anomolous team rank 2339861/illuminar-vs-hellraisers-esea-mdl-season-33-europe
2023-11-03 22:41:01,647 - INFO - Anomolous team rank 2341417/sprout-vs-excellency-hellcase-cup-8
2023-11-03 22:41:51,001 - INFO - Anomolous team rank 2342574/chaos-vs-ze-pug-godz-dreamhack-open-summer-2020-north-america-closed-qualifier
2023-11-03 22:43:48,905 - INFO - Anomolous team rank 2345293/envy-vs-forze-flashpoint-2
2023-11-03 22:43:50,548 - INFO - Anomolous team rank 2345300/envy-vs-mibr-flashpoint-2
2023-11-03 22:44:38,748 - INFO - Anomolous team rank 2346200/forze-vs-anonymo-dreamhack-open-january-2021-europe-closed-qualifier
2023-11-03 22:44:38,947 - INFO - Anomolous team rank 2346201/hellraisers-vs-styldunow-dreamhack-open-january-2021-europe-closed-qualifier
2023-11-03 22:44:39,350 - INFO - Anomolous team rank 2346207/anonymo-vs-styldunow-dreamhack-open-january-2021-europe-closed-qualifier
2023-11-03 22:44:39,350 - INFO - Anomolous team rank 2346207/anonymo-vs-styldunow-dreamhack-open-january-2021-europe-closed-qualifier
2023-11-03 22:44:43,300 - INFO - Anomolous team rank 2346233/hellraisers-vs-styldunow-dreamhack-open-january-2021-europe-closed-qualifier
2023-11-03 22:44:43,446 - INFO - Anomolous team rank 2346235/bad-news-bears-vs-high-coast-dreamhack-open-january-2021-north-america-closed-qualifier
2023-11-03 22:44:43,790 - INFO - Anomolous team rank 2346247/rebirth-vs-bad-news-bears-esea-winter-2020-cash-cup-3-north-america
2023-11-03 22:44:53,157 - INFO - Anomolous team rank 2346360/ence-vs-lyngby-vikings-snow-sweet-snow-1
2023-11-03 22:45:00,516 - INFO - Anomolous team rank 2346463/renegades-vs-mouz-iem-katowice-2021-play-in
2023-11-03 22:45:03,347 - INFO - Anomolous team rank 2346513/teamone-vs-renegades-iem-katowice-2021-play-in
2023-11-03 22:45:04,528 - INFO - Anomolous team rank 2346528/lilmix-vs-havu-snow-sweet-snow-2-regionals
2023-11-03 22:45:13,000 - INFO - Anomolous team rank 2346667/sinners-vs-copenhagen-flames-snow-sweet-snow-2-regionals
2023-11-03 22:46:21,004 - INFO - Anomolous team rank 2348404/tricked-vs-copenhagen-flames-blast-rising-2021
2023-11-03 22:46:36,725 - INFO - Anomolous team rank 2348898/copenhagen-flames-vs-fiend-spring-sweet-spring-2
2023-11-03 22:49:50,809 - INFO - Anomolous team rank 2354037/gamerlegion-vs-apeks-pinnacle-winter-series-1-regionals
2023-11-03 22:50:15,935 - INFO - Anomolous team rank 2354478/sinners-vs-blink-thunderpick-bitcoin-series-1
2023-11-03 22:50:18,272 - INFO - Anomolous team rank 2354528/ninjas-in-pyjamas-vs-fnatic-esl-pro-league-season-15
2023-11-03 22:50:20,163 - INFO - Anomolous team rank 2354539/fnatic-vs-entropiq-esl-pro-league-season-15
2023-11-03 22:50:55,577 - INFO - Anomolous team rank 2355808/spirit-vs-asg-pgl-major-antwerp-2022-europe-rmr-b
2023-11-03 22:51:29,819 - INFO - Anomolous team rank 2356680/heroic-vs-fnatic-pinnacle-cup-championship-2022
2023-11-03 22:51:30,969 - INFO - Anomolous team rank 2356686/fnatic-vs-big-pinnacle-cup-championship-2022
2023-11-03 22:52:05,892 - INFO - Anomolous team rank 2357929/aurora-vs-monte-iem-road-to-rio-2022-europe-open-qualifier-1
2023-11-03 22:52:06,250 - INFO - Anomolous team rank 2357944/astralis-vs-aurora-iem-road-to-rio-2022-europe-open-qualifier-1
2023-11-03 22:52:06,575 - INFO - Anomolous team rank 2357956/aurora-vs-falcons-iem-road-to-rio-2022-europe-open-qualifier-1
2023-11-03 22:52:41,040 - INFO - Anomolous team rank 2359728/sangal-vs-monte-cct-south-europe-series-1
2023-11-03 22:52:55,014 - INFO - Anomolous team rank 2359867/monte-vs-tricked-cct-south-europe-series-1
2023-11-03 22:52:56,822 - INFO - Anomolous team rank 2359909/monte-vs-copenhagen-flames-cct-south-europe-series-1
2023-11-03 22:53:35,269 - INFO - Anomolous team rank 2361509/heet-vs-eternal-fire-iem-rio-2023-europe-open-qualifier-1
2023-11-03 22:53:38,589 - INFO - Anomolous team rank 2361675/heet-vs-honoris-esea-winter-2023-cash-cup-3-europe
2023-11-03 22:53:39,309 - INFO - Anomolous team rank 2361698/heet-vs-honoris-iem-rio-2023-europe-closed-qualifier
2023-11-03 22:53:39,738 - INFO - Anomolous team rank 2361703/heet-vs-big-iem-rio-2023-europe-closed-qualifier
2023-11-03 22:55:28,802 - INFO - Anomolous team rank 2365234/heroic-vs-natus-vincere-blast-premier-fall-groups-2023
2023-11-03 22:55:31,021 - INFO - Anomolous team rank 2365261/natus-vincere-vs-vitality-showmatch-cs
2023-11-03 22:55:33,229 - INFO - Anomolous team rank 2365363/ex-hydra-vs-alternate-attax-gamers8-2023-europe-open-qualifier-2
2023-11-03 22:55:44,721 - INFO - Anomolous team rank 2365641/forze-vs-sinners-cct-north-europe-series-6
2023-11-03 22:55:50,317 - INFO - Anomolous team rank 2365809/spirit-vs-qm-pinnacle-cup-v
2023-11-03 22:55:51,745 - INFO - Anomolous team rank 2365876/eternal-fire-vs-qm-pinnacle-cup-v
